<?xml version="1.0" encoding="UTF-8"?>
<testng-results ignored="0" total="1" passed="1" failed="0" skipped="0">
  <reporter-output>
  </reporter-output>
  <suite started-at="2020-07-05T20:40:43Z" name="Default suite" finished-at="2020-07-05T20:41:06Z" duration-ms="22713">
    <groups>
      <group name="cucumber">
        <method signature="AbstractTestNGCucumberTests.feature(cucumber.api.testng.CucumberFeatureWrapper)[pri:0, instance:com.test.TestRunner.TestRunner@7b02881e]" name="feature" class="cucumber.api.testng.AbstractTestNGCucumberTests"/>
      </group> <!-- cucumber -->
    </groups>
    <test started-at="2020-07-05T20:40:43Z" name="Default test" finished-at="2020-07-05T20:41:06Z" duration-ms="22713">
      <class name="com.test.TestRunner.TestRunner">
        <test-method is-config="true" signature="setUp()[pri:0, instance:com.test.TestRunner.TestRunner@7b02881e]" started-at="2020-07-05T20:40:43Z" name="setUp" finished-at="2020-07-05T20:40:55Z" duration-ms="11576" status="PASS">
          <reporter-output>
          </reporter-output>
        </test-method> <!-- setUp -->
        <test-method is-config="true" signature="setUpClass()[pri:0, instance:com.test.TestRunner.TestRunner@7b02881e]" started-at="2020-07-05T20:40:55Z" name="setUpClass" finished-at="2020-07-05T20:40:55Z" duration-ms="308" status="PASS">
          <reporter-output>
          </reporter-output>
        </test-method> <!-- setUpClass -->
        <test-method signature="feature(cucumber.api.testng.CucumberFeatureWrapper)[pri:0, instance:com.test.TestRunner.TestRunner@7b02881e]" started-at="2020-07-05T20:40:55Z" name="feature" description="Runs Cucumber Feature" data-provider="features" finished-at="2020-07-05T20:41:05Z" duration-ms="9548" status="PASS">
          <params>
            <param index="0">
              <value>
                <![CDATA[Dropdown Functionality]]>
              </value>
            </param>
          </params>
          <reporter-output>
          </reporter-output>
        </test-method> <!-- feature -->
        <test-method is-config="true" signature="tearDownClass()[pri:0, instance:com.test.TestRunner.TestRunner@7b02881e]" started-at="2020-07-05T20:41:05Z" name="tearDownClass" finished-at="2020-07-05T20:41:05Z" duration-ms="20" status="PASS">
          <reporter-output>
          </reporter-output>
        </test-method> <!-- tearDownClass -->
        <test-method is-config="true" signature="tearDown()[pri:0, instance:com.test.TestRunner.TestRunner@7b02881e]" started-at="2020-07-05T20:41:05Z" name="tearDown" finished-at="2020-07-05T20:41:06Z" duration-ms="1076" status="PASS">
          <reporter-output>
          </reporter-output>
        </test-method> <!-- tearDown -->
      </class> <!-- com.test.TestRunner.TestRunner -->
    </test> <!-- Default test -->
  </suite> <!-- Default suite -->
</testng-results>
